<?xml version="1.0" encoding="UTF-8" standalone="no"?><testsuite errors="5" failures="0" name="com.edwardjones.platform_ui_tests.testcases.BetweenRetirementAccountToAccountTransferWithAttestationPopUpToggleON" skipped="0" tests="15" time="102.06" timestamp="2025-10-06 10:52:31"><testcase classname="com.edwardjones.platform_ui_tests.testcases.BetweenRetirementAccountToAccountTransferWithAttestationPopUpToggleON" name="verifyBetweenRetirementAccountToAccountTransferAttestationPopupNoOption(TransfersTestData)"/><testcase classname="com.edwardjones.platform_ui_tests.testcases.BetweenRetirementAccountToAccountTransferWithAttestationPopUpToggleON" name="verifyBetweenRetirementAccountToAccountTransferAttestationPopupYesOption(TransfersTestData)"><error message="Expected condition failed: waiting for Account 99784053 should be present in 'Account From' list (tried for 20 second(s) with 500 milliseconds interval)&#10;Build info: version: '4.21.0', revision: '79ed462ef4'&#10;System info: os.name: 'Linux', os.arch: 'amd64', os.version: '4.18.0-553.51.1.el8_10.x86_64', java.version: '17.0.1'&#10;Driver info: net.thucydides.core.webdriver.WebDriverFacade" type="org.openqa.selenium.TimeoutException">Expected condition failed: waiting for Account 99784053 should be present in 'Account From' list (tried for 20 second(s) with 500 milliseconds interval)
Build info: version: '4.21.0', revision: '79ed462ef4'
System info: os.name: 'Linux', os.arch: 'amd64', os.version: '4.18.0-553.51.1.el8_10.x86_64', java.version: '17.0.1'
Driver info: net.thucydides.core.webdriver.WebDriverFacade</error><system-err>Expected condition failed: waiting for Account 99784053 should be present in 'Account From' list (tried for 20 second(s) with 500 milliseconds interval)
Build info: version: '4.21.0', revision: '79ed462ef4'
System info: os.name: 'Linux', os.arch: 'amd64', os.version: '4.18.0-553.51.1.el8_10.x86_64', java.version: '17.0.1'
Driver info: net.thucydides.core.webdriver.WebDriverFacade
com.ej.taf.core.ui.pages.BasePageObject.waitForListElement(BasePageObject.java:91)
com.ej.taf.core.ui.pages.widgets.SearchAccountWidget.waitForPresenceOfAccountInList(SearchAccountWidget.java:76)
com.ej.taf.core.ui.pages.widgets.SearchAccountWidget.ensureAccountIsSelected(SearchAccountWidget.java:156)
com.edwardjones.platform_ui_tests.automation.teststeps.newtransfer.AccountItemSteps.searchForAccountAndSelect(AccountItemSteps.java:517)
com.edwardjones.platform_ui_tests.testcases.BetweenRetirementAccountToAccountTransferWithAttestationPopUpToggleON.verifyBetweenRetirementAccountToAccountTransferAttestationPopupYesOption(BetweenRetirementAccountToAccountTransferWithAttestationPopUpToggleON.java:39)
worker.org.gradle.process.internal.worker.GradleWorkerMain.run(GradleWorkerMain.java:69)
worker.org.gradle.process.internal.worker.GradleWorkerMain.main(GradleWorkerMain.java:74)
</system-err></testcase><testcase classname="com.edwardjones.platform_ui_tests.testcases.BetweenRetirementAccountToAccountTransferWithAttestationPopUpToggleON" name="verifyBetweenRetirementAccountToAccountTransferAttestationPopupBackOption(TransfersTestData)"><error message="Expected condition failed: waiting for Account 99782968 should be present in 'Account From' list (tried for 20 second(s) with 500 milliseconds interval)&#10;Build info: version: '4.21.0', revision: '79ed462ef4'&#10;System info: os.name: 'Linux', os.arch: 'amd64', os.version: '4.18.0-553.51.1.el8_10.x86_64', java.version: '17.0.1'&#10;Driver info: net.thucydides.core.webdriver.WebDriverFacade" type="org.openqa.selenium.TimeoutException">Expected condition failed: waiting for Account 99782968 should be present in 'Account From' list (tried for 20 second(s) with 500 milliseconds interval)
Build info: version: '4.21.0', revision: '79ed462ef4'
System info: os.name: 'Linux', os.arch: 'amd64', os.version: '4.18.0-553.51.1.el8_10.x86_64', java.version: '17.0.1'
Driver info: net.thucydides.core.webdriver.WebDriverFacade</error><system-err>Expected condition failed: waiting for Account 99782968 should be present in 'Account From' list (tried for 20 second(s) with 500 milliseconds interval)
Build info: version: '4.21.0', revision: '79ed462ef4'
System info: os.name: 'Linux', os.arch: 'amd64', os.version: '4.18.0-553.51.1.el8_10.x86_64', java.version: '17.0.1'
Driver info: net.thucydides.core.webdriver.WebDriverFacade
com.ej.taf.core.ui.pages.BasePageObject.waitForListElement(BasePageObject.java:91)
com.ej.taf.core.ui.pages.widgets.SearchAccountWidget.waitForPresenceOfAccountInList(SearchAccountWidget.java:76)
com.ej.taf.core.ui.pages.widgets.SearchAccountWidget.ensureAccountIsSelected(SearchAccountWidget.java:156)
com.edwardjones.platform_ui_tests.automation.teststeps.newtransfer.AccountItemSteps.searchForAccountAndSelect(AccountItemSteps.java:517)
com.edwardjones.platform_ui_tests.testcases.BetweenRetirementAccountToAccountTransferWithAttestationPopUpToggleON.verifyBetweenRetirementAccountToAccountTransferAttestationPopupBackOption(BetweenRetirementAccountToAccountTransferWithAttestationPopUpToggleON.java:98)
worker.org.gradle.process.internal.worker.GradleWorkerMain.run(GradleWorkerMain.java:69)
worker.org.gradle.process.internal.worker.GradleWorkerMain.main(GradleWorkerMain.java:74)
</system-err></testcase></testsuite>